<?xml version="1.0" encoding="UTF-8"?>
<testng-results skipped="0" failed="0" ignored="0" total="3" passed="3">
  <reporter-output>
  </reporter-output>
  <suite name="Suite" duration-ms="35041" started-at="2021-12-22T18:39:11 IST" finished-at="2021-12-22T18:39:46 IST">
    <groups>
      <group name="cucumber">
        <method signature="AbstractTestNGCucumberTests.runScenario(io.cucumber.testng.PickleWrapper,io.cucumber.testng.FeatureWrapper)[pri:0, instance:com.runner.TestRunner@2353b3e6]" name="runScenario" class="io.cucumber.testng.AbstractTestNGCucumberTests"/>
      </group> <!-- cucumber -->
    </groups>
    <test name="Testng" duration-ms="35041" started-at="2021-12-22T18:39:11 IST" finished-at="2021-12-22T18:39:46 IST">
      <class name="com.runner.TestRunner">
        <test-method status="PASS" signature="setUpClass(org.testng.ITestContext)[pri:0, instance:com.runner.TestRunner@2353b3e6]" name="setUpClass" is-config="true" duration-ms="574" started-at="2021-12-22T18:39:11 IST" finished-at="2021-12-22T18:39:12 IST">
          <params>
            <param index="0">
              <value>
                <![CDATA[org.testng.TestRunner@5fa47fea]]>
              </value>
            </param>
          </params>
          <reporter-output>
          </reporter-output>
        </test-method> <!-- setUpClass -->
        <test-method status="PASS" signature="runScenario(io.cucumber.testng.PickleWrapper,io.cucumber.testng.FeatureWrapper)[pri:0, instance:com.runner.TestRunner@2353b3e6]" name="runScenario" duration-ms="18093" started-at="2021-12-22T18:39:12 IST" description="Runs Cucumber Scenarios" data-provider="scenarios" finished-at="2021-12-22T18:39:30 IST">
          <params>
            <param index="0">
              <value>
                <![CDATA["Navigate home page"]]>
              </value>
            </param>
            <param index="1">
              <value>
                <![CDATA["Optional[Booking tickets through FlyAway]"]]>
              </value>
            </param>
          </params>
          <reporter-output>
          </reporter-output>
        </test-method> <!-- runScenario -->
        <test-method status="PASS" signature="runScenario(io.cucumber.testng.PickleWrapper,io.cucumber.testng.FeatureWrapper)[pri:0, instance:com.runner.TestRunner@2353b3e6]" name="runScenario" duration-ms="16091" started-at="2021-12-22T18:39:30 IST" description="Runs Cucumber Scenarios" data-provider="scenarios" finished-at="2021-12-22T18:39:46 IST">
          <params>
            <param index="0">
              <value>
                <![CDATA["User Performs the Registration"]]>
              </value>
            </param>
            <param index="1">
              <value>
                <![CDATA["Optional[Booking tickets through FlyAway]"]]>
              </value>
            </param>
          </params>
          <reporter-output>
          </reporter-output>
        </test-method> <!-- runScenario -->
        <test-method status="PASS" signature="runScenario(io.cucumber.testng.PickleWrapper,io.cucumber.testng.FeatureWrapper)[pri:0, instance:com.runner.TestRunner@2353b3e6]" name="runScenario" duration-ms="14" started-at="2021-12-22T18:39:46 IST" description="Runs Cucumber Scenarios" data-provider="scenarios" finished-at="2021-12-22T18:39:46 IST">
          <params>
            <param index="0">
              <value>
                <![CDATA["User books the flight"]]>
              </value>
            </param>
            <param index="1">
              <value>
                <![CDATA["Optional[Booking tickets through FlyAway]"]]>
              </value>
            </param>
          </params>
          <reporter-output>
          </reporter-output>
        </test-method> <!-- runScenario -->
        <test-method status="PASS" signature="tearDownClass()[pri:0, instance:com.runner.TestRunner@2353b3e6]" name="tearDownClass" is-config="true" duration-ms="14" started-at="2021-12-22T18:39:46 IST" finished-at="2021-12-22T18:39:46 IST">
          <reporter-output>
          </reporter-output>
        </test-method> <!-- tearDownClass -->
      </class> <!-- com.runner.TestRunner -->
    </test> <!-- Testng -->
  </suite> <!-- Suite -->
</testng-results>
