<?xml version="1.0" encoding="UTF-8"?>
<!-- Generated by org.testng.reporters.JUnitXMLReporter -->
<testsuite hostname="CSCO-W-PF2S3YNB" ignored="0" name="Testng" tests="3" failures="0" timestamp="2021-12-22T18:39:46 IST" time="35.041" errors="0">
  <testcase name="runScenario" time="18.093" classname="io.cucumber.testng.AbstractTestNGCucumberTests"/>
  <testcase name="runScenario" time="16.091" classname="io.cucumber.testng.AbstractTestNGCucumberTests"/>
  <testcase name="runScenario" time="0.014" classname="io.cucumber.testng.AbstractTestNGCucumberTests"/>
</testsuite> <!-- Testng -->
